JSHint validation summary:
----------------------------------------------------------------------

JSHint validation failed for c:\home\github\stitches\src\js\layouts\base.js
Missing "use strict" statement. (line: 12, character: 5)
 >     var BaseLayout = function () {};

JSHint validation failed for c:\home\github\stitches\src\js\layouts\compact.js
Missing semicolon. (line: 27, character: 15)
 >             })

JSHint validation failed for c:\home\github\stitches\src\js\layouts\horizontal.js
Missing semicolon. (line: 24, character: 15)
 >             })

JSHint validation failed for c:\home\github\stitches\src\js\layouts\vertical.js
Missing semicolon. (line: 24, character: 15)
 >             })

JSHint validation failed for c:\home\github\stitches\src\js\main.js

JSHint validation failed for c:\home\github\stitches\src\js\modules\canvas.js
Do not use 'new' for side effects. (line: 178, character: 13)
 >             new Sprite({

JSHint validation failed for c:\home\github\stitches\src\js\modules\drop-box.js

JSHint validation failed for c:\home\github\stitches\src\js\modules\file-manager.js

JSHint validation failed for c:\home\github\stitches\src\js\modules\palette.js
Missing "use strict" statement. (line: 12, character: 5)
 >     var defaults = {

JSHint validation failed for c:\home\github\stitches\src\js\modules\sprite.js

JSHint validation failed for c:\home\github\stitches\src\js\modules\stitches.js
Expected an identifier and instead saw 'delete' (a reserved word). (line: 241, character: 21)
 >                     delete: {
Extra comma. (line: 302, character: 43)
 >                     uri: this.settings.uri,
Script URL. (line: 364, character: 73)
 >                 $toolbar.find("[data-action=spritesheet]").attr("href", "javascript:void(0);");
Script URL. (line: 365, character: 72)
 >                 $toolbar.find("[data-action=stylesheet]").attr("href", "javascript:void(0);");

JSHint validation failed for c:\home\github\stitches\src\js\modules\toolbar.js
Missing "use strict" statement. (line: 12, character: 5)
 >     var defaults = {

JSHint validation failed for c:\home\github\stitches\src\js\text.js

JSHint validation failed for c:\home\github\stitches\src\js\util\array.js

JSHint validation failed for c:\home\github\stitches\src\js\util\stitches.js
A constructor name should start with an uppercase letter. (line: 24, character: 31)
 >             this.layout = new selected();

JSHint validation failed for c:\home\github\stitches\src\js\util\templates.js
Missing semicolon. (line: 40, character: 24)
 >         return tmpl(id)

JSHint validation failed for c:\home\github\stitches\src\js\util\util.js

JSHint validation failed for c:\home\github\stitches\src\js\wrap\bootstrap.js

JSHint validation failed for c:\home\github\stitches\src\js\wrap\jquery.js
Missing "use strict" statement. (line: 10, character: 5)
 >     return jQuery;
'jQuery' is not defined. (line: 10, character: 12)
 >     return jQuery;

JSHint validation failed for c:\home\github\stitches\src\js\wrap\modernizr.js
Missing "use strict" statement. (line: 10, character: 5)
 >     return Modernizr;
'Modernizr' is not defined. (line: 10, character: 12)
 >     return Modernizr;
----------------------------------------------------------------------
JSHint found 17 errors.
February 27, 2013 12:37:50 AM EST